<?xml version="1.0" encoding="UTF-8"?>
<!-- Generated by org.testng.reporters.JUnitXMLReporter -->
<testsuite ignored="0" hostname="DESKTOP-C8I3CTR" failures="0" tests="5" name="Test" time="37.879" errors="0" timestamp="2023-07-20T21:36:08 TRT">
  <testcase classname="testCases.TC_001_AccountRegistrationTest" name="test_account_Registration" time="3.566"/>
  <testcase classname="testCases.TC_002_LoginTest" name="test_Login" time="0.947"/>
  <testcase classname="testCases.TC_003_LoginDataDrivenTest" name="test_LoginDDT" time="10.662"/>
  <testcase classname="testCases.TC_003_LoginDataDrivenTest" name="test_LoginDDT" time="10.63"/>
  <testcase classname="testCases.TC_003_LoginDataDrivenTest" name="test_LoginDDT" time="4.475"/>
</testsuite> <!-- Test -->
