<?xml version="1.0" encoding="UTF-8"?>
<!-- Generated by org.testng.reporters.JUnitXMLReporter -->
<testsuite ignored="0" hostname="DESKTOP-C8I3CTR" failures="0" tests="7" name="Test" time="54.44" errors="0" timestamp="2023-07-20T22:31:01 TRT">
  <testcase classname="testCases.TC_001_AccountRegistrationTest" name="test_account_Registration" time="3.288"/>
  <testcase classname="testCases.TC_002_LoginTest" name="test_Login" time="0.848"/>
  <testcase classname="testCases.TC_003_LoginDataDrivenTest" name="test_LoginDDT" time="10.651"/>
  <testcase classname="testCases.TC_003_LoginDataDrivenTest" name="test_LoginDDT" time="10.652"/>
  <testcase classname="testCases.TC_003_LoginDataDrivenTest" name="test_LoginDDT" time="10.682"/>
  <testcase classname="testCases.TC_003_LoginDataDrivenTest" name="test_LoginDDT" time="10.94"/>
  <testcase classname="testCases.TC_003_LoginDataDrivenTest" name="test_LoginDDT" time="0.96"/>
</testsuite> <!-- Test -->
